<?xml version="1.0" encoding="UTF-8" ?>
<testsuite errors="0" failures="0" hostname="Basem-PC" name="org.soa.math.dispatch.MathDispatchFunctionalTest" tests="1" time="31.794" timestamp="2012-03-30T08:40:14">
  <properties>
[...]
</properties>
  <testcase classname="org.soa.math.dispatch.MathDispatchFunctionalTest" name="add_validNumbers_additionResult" time="31.702" />
  <system-out><![CDATA[]]></system-out>
  <system-err><![CDATA[Mar 30, 2012 10:40:14 AM org.soa.math.queue.QueueMonitor startMonitor
WARNING: starting queue monitor
Mar 30, 2012 10:40:14 AM org.soa.math.resource.ArithmaticWebServiceResourceMonitor startMonitor
WARNING: starting resource monitor
]]></system-err>
</testsuite>
